<?xml version="1.0" encoding="UTF-8"?>
<testsuite name="it.unisa.bookshop.BookshopTest" tests="5" skipped="0" failures="0" errors="0" timestamp="2023-12-26T12:56:30" hostname="DESKTOP-4M2PV5O" time="0.002">
  <properties/>
  <testcase name="findByTitleContentTest" classname="it.unisa.bookshop.BookshopTest" time="0.001"/>
  <testcase name="readLibraryTest" classname="it.unisa.bookshop.BookshopTest" time="0.0"/>
  <testcase name="findBelowAvailabilityTest" classname="it.unisa.bookshop.BookshopTest" time="0.0"/>
  <testcase name="findMaxAvailabilityTest" classname="it.unisa.bookshop.BookshopTest" time="0.0"/>
  <testcase name="findByAuthorTest" classname="it.unisa.bookshop.BookshopTest" time="0.001"/>
  <system-out><![CDATA[]]></system-out>
  <system-err><![CDATA[]]></system-err>
</testsuite>
