<?xml version="1.0" encoding="UTF-8"?>
<testsuite name="it.unisa.company.EmployeeTest" tests="2" skipped="0" failures="0" errors="0" timestamp="2023-12-26T12:16:36" hostname="DESKTOP-4M2PV5O" time="0.001">
  <properties/>
  <testcase name="setHourlyWageTest" classname="it.unisa.company.EmployeeTest" time="0.0"/>
  <testcase name="employerInitialWageTest" classname="it.unisa.company.EmployeeTest" time="0.0"/>
  <system-out><![CDATA[]]></system-out>
  <system-err><![CDATA[]]></system-err>
</testsuite>
